<?xml version="1.0" encoding="UTF-8"?>
<!-- Generated by org.testng.reporters.JUnitXMLReporter -->
<testsuite ignored="1" hostname="MUM-LAP-1174" failures="0" tests="6" name="Car Loan" time="0.038" errors="0" timestamp="2023-12-25T12:06:32 IST">
  <testcase classname="testng.ThirdDemo" name="LoginApiLoan" time="0.006"/>
  <testcase classname="testng.ThirdDemo" name="WebLoginCarLoan" time="0.001"/>
  <testcase classname="testng.ThirdDemo" name="printData" time="0.002"/>
  <testcase classname="testng.ThirdDemo" name="printData" time="0.003"/>
  <testcase classname="testng.ThirdDemo" name="printData" time="0.001"/>
  <testcase classname="testng.ThirdDemo" name="MobileLoginCarLoanAA" time="0.001"/>
  <testcase classname="testng.ThirdDemo" name="MobileLoginCarLoan" time="0.0">
    <ignored/>
  </testcase> <!-- MobileLoginCarLoan -->
</testsuite> <!-- Car Loan -->
