<?xml version="1.0" encoding="UTF-8"?>
<!-- Generated by org.testng.reporters.JUnitXMLReporter -->
<testsuite ignored="4" hostname="MUM-LAP-1174" failures="0" tests="3" name="Regression" time="0.053" errors="0" timestamp="2023-12-25T00:20:57 IST">
  <testcase classname="testng.demo" name="end" time="0.009"/>
  <testcase classname="testng.SecondDemo" name="TestM" time="0.001"/>
  <testcase classname="testng.ThirdDemo" name="WebLoginCarLoan" time="0.001"/>
  <testcase classname="testng.ThirdDemo" name="MobileLoginCarLoanAA" time="0.0">
    <ignored/>
  </testcase> <!-- MobileLoginCarLoanAA -->
  <testcase classname="testng.demo" name="start" time="0.0">
    <ignored/>
  </testcase> <!-- start -->
  <testcase classname="testng.ThirdDemo" name="LoginApiLoan" time="0.0">
    <ignored/>
  </testcase> <!-- LoginApiLoan -->
  <testcase classname="testng.ThirdDemo" name="MobileLoginCarLoan" time="0.0">
    <ignored/>
  </testcase> <!-- MobileLoginCarLoan -->
</testsuite> <!-- Regression -->
