<?xml version="1.0" encoding="UTF-8"?>
<!-- Generated by org.testng.reporters.JUnitXMLReporter -->
<testsuite ignored="0" hostname="MUM-LAP-1174" failures="0" tests="2" name="Error Validation" time="29.187" errors="0" timestamp="2023-12-26T22:23:18 IST">
  <testcase classname="TestngTutorial.SeleniumFrameworkDesign.ErrorValidation" name="ProductErrorValidation" time="9.264"/>
  <testcase classname="TestngTutorial.SeleniumFrameworkDesign.ErrorValidation" name="submitOrder" time="0.705"/>
</testsuite> <!-- Error Validation -->
