<?xml version="1.0" encoding="UTF-8"?>
<!-- Generated by org.testng.reporters.JUnitXMLReporter -->
<testsuite ignored="0" hostname="MUM-LAP-1174" failures="0" tests="3" name="Submit Order" time="45.327" errors="0" timestamp="2023-12-26T22:23:34 IST">
  <testcase classname="TestngTutorial.SeleniumFrameworkDesign.StandaloneTest" name="submitOrder" time="11.503"/>
  <testcase classname="TestngTutorial.SeleniumFrameworkDesign.StandaloneTest" name="submitOrder" time="7.321"/>
  <testcase classname="TestngTutorial.SeleniumFrameworkDesign.StandaloneTest" name="OrderHistoryTest" time="1.489"/>
</testsuite> <!-- Submit Order -->
