<?xml version="1.0" encoding="UTF-8"?>
<testng-results ignored="2" total="10" passed="8" failed="0" skipped="0">
  <reporter-output>
  </reporter-output>
  <suite started-at="2023-12-25T12:06:31 IST" name="YouCanChangeName" finished-at="2023-12-25T12:06:32 IST" duration-ms="339">
    <groups>
      <group name="Smoke">
        <method signature="ThirdDemo.WebLoginCarLoan(java.lang.String,java.lang.String)[pri:0, instance:testng.ThirdDemo@550dbc7a]" name="WebLoginCarLoan" class="testng.ThirdDemo"/>
      </group> <!-- Smoke -->
    </groups>
    <test started-at="2023-12-25T12:06:31 IST" name="YouCanRename" finished-at="2023-12-25T12:06:32 IST" duration-ms="66">
      <class name="testng.SecondDemo">
        <test-method is-config="true" signature="prerequisite()[pri:0, instance:testng.SecondDemo@76c3e77a]" started-at="2023-12-25T12:06:31 IST" name="prerequisite" finished-at="2023-12-25T12:06:31 IST" duration-ms="1" status="PASS">
          <reporter-output>
          </reporter-output>
        </test-method> <!-- prerequisite -->
        <test-method signature="TestM(java.lang.String,java.lang.String)[pri:0, instance:testng.SecondDemo@76c3e77a]" started-at="2023-12-25T12:06:32 IST" name="TestM" finished-at="2023-12-25T12:06:32 IST" duration-ms="3" status="PASS">
          <params>
            <param index="0">
              <value>
                <![CDATA[google.com]]>
              </value>
            </param>
            <param index="1">
              <value>
                <![CDATA[12345]]>
              </value>
            </param>
          </params>
          <reporter-output>
          </reporter-output>
        </test-method> <!-- TestM -->
        <test-method is-config="true" signature="last()[pri:0, instance:testng.SecondDemo@76c3e77a]" started-at="2023-12-25T12:06:32 IST" name="last" finished-at="2023-12-25T12:06:32 IST" duration-ms="1" status="PASS">
          <reporter-output>
          </reporter-output>
        </test-method> <!-- last -->
      </class> <!-- testng.SecondDemo -->
      <class name="testng.demo">
        <test-method is-config="true" signature="beforeMethod()[pri:0, instance:testng.demo@27ff5d15]" started-at="2023-12-25T12:06:32 IST" name="beforeMethod" finished-at="2023-12-25T12:06:32 IST" duration-ms="0" status="PASS">
          <reporter-output>
          </reporter-output>
        </test-method> <!-- beforeMethod -->
        <test-method signature="start()[pri:0, instance:testng.demo@27ff5d15]" started-at="2023-12-25T12:06:32 IST" name="start" finished-at="2023-12-25T12:06:32 IST" duration-ms="6" status="PASS">
          <reporter-output>
          </reporter-output>
        </test-method> <!-- start -->
        <test-method is-config="true" signature="afteMethod()[pri:0, instance:testng.demo@27ff5d15]" started-at="2023-12-25T12:06:32 IST" name="afteMethod" finished-at="2023-12-25T12:06:32 IST" duration-ms="1" status="PASS">
          <reporter-output>
          </reporter-output>
        </test-method> <!-- afteMethod -->
      </class> <!-- testng.demo -->
    </test> <!-- YouCanRename -->
    <test started-at="2023-12-25T12:06:32 IST" name="Car Loan" finished-at="2023-12-25T12:06:32 IST" duration-ms="38">
      <class name="testng.FourthDemo">
        <test-method is-config="true" signature="beforeSuite()[pri:0, instance:testng.FourthDemo@4efc180e]" started-at="2023-12-25T12:06:31 IST" name="beforeSuite" finished-at="2023-12-25T12:06:31 IST" duration-ms="13" status="PASS">
          <reporter-output>
          </reporter-output>
        </test-method> <!-- beforeSuite -->
        <test-method is-config="true" signature="afterSuite()[pri:0, instance:testng.FourthDemo@4efc180e]" started-at="2023-12-25T12:06:32 IST" name="afterSuite" finished-at="2023-12-25T12:06:32 IST" duration-ms="0" status="PASS">
          <reporter-output>
          </reporter-output>
        </test-method> <!-- afterSuite -->
      </class> <!-- testng.FourthDemo -->
      <class name="testng.ThirdDemo">
        <test-method is-config="true" signature="beforeClass()[pri:0, instance:testng.ThirdDemo@550dbc7a]" started-at="2023-12-25T12:06:32 IST" name="beforeClass" finished-at="2023-12-25T12:06:32 IST" duration-ms="0" status="PASS">
          <reporter-output>
          </reporter-output>
        </test-method> <!-- beforeClass -->
        <test-method signature="LoginApiLoan()[pri:0, instance:testng.ThirdDemo@550dbc7a]" started-at="2023-12-25T12:06:32 IST" name="LoginApiLoan" finished-at="2023-12-25T12:06:32 IST" duration-ms="6" status="PASS">
          <reporter-output>
          </reporter-output>
        </test-method> <!-- LoginApiLoan -->
        <test-method signature="WebLoginCarLoan(java.lang.String,java.lang.String)[pri:0, instance:testng.ThirdDemo@550dbc7a]" started-at="2023-12-25T12:06:32 IST" name="WebLoginCarLoan" finished-at="2023-12-25T12:06:32 IST" duration-ms="1" status="PASS">
          <params>
            <param index="0">
              <value>
                <![CDATA[s123]]>
              </value>
            </param>
            <param index="1">
              <value>
                <![CDATA[12345]]>
              </value>
            </param>
          </params>
          <reporter-output>
          </reporter-output>
        </test-method> <!-- WebLoginCarLoan -->
        <test-method signature="printData(java.lang.String,java.lang.String)[pri:0, instance:testng.ThirdDemo@550dbc7a]" started-at="2023-12-25T12:06:32 IST" name="printData" data-provider="getData" finished-at="2023-12-25T12:06:32 IST" duration-ms="2" status="PASS">
          <params>
            <param index="0">
              <value>
                <![CDATA[firstUserName]]>
              </value>
            </param>
            <param index="1">
              <value>
                <![CDATA[pass]]>
              </value>
            </param>
          </params>
          <reporter-output>
          </reporter-output>
        </test-method> <!-- printData -->
        <test-method signature="printData(java.lang.String,java.lang.String)[pri:0, instance:testng.ThirdDemo@550dbc7a]" started-at="2023-12-25T12:06:32 IST" name="printData" data-provider="getData" finished-at="2023-12-25T12:06:32 IST" duration-ms="3" status="PASS">
          <params>
            <param index="0">
              <value>
                <![CDATA[secondUserName]]>
              </value>
            </param>
            <param index="1">
              <value>
                <![CDATA[secondPassword]]>
              </value>
            </param>
          </params>
          <reporter-output>
          </reporter-output>
        </test-method> <!-- printData -->
        <test-method signature="printData(java.lang.String,java.lang.String)[pri:0, instance:testng.ThirdDemo@550dbc7a]" started-at="2023-12-25T12:06:32 IST" name="printData" data-provider="getData" finished-at="2023-12-25T12:06:32 IST" duration-ms="1" status="PASS">
          <params>
            <param index="0">
              <value>
                <![CDATA[thirdUserName]]>
              </value>
            </param>
            <param index="1">
              <value>
                <![CDATA[thirdPassword]]>
              </value>
            </param>
          </params>
          <reporter-output>
          </reporter-output>
        </test-method> <!-- printData -->
        <test-method signature="MobileLoginCarLoanAA()[pri:0, instance:testng.ThirdDemo@550dbc7a]" started-at="2023-12-25T12:06:32 IST" name="MobileLoginCarLoanAA" finished-at="2023-12-25T12:06:32 IST" depends-on-methods="testng.ThirdDemo.LoginApiLoan" duration-ms="1" status="PASS">
          <reporter-output>
          </reporter-output>
        </test-method> <!-- MobileLoginCarLoanAA -->
        <test-method is-config="true" signature="afterClass()[pri:0, instance:testng.ThirdDemo@550dbc7a]" started-at="2023-12-25T12:06:32 IST" name="afterClass" finished-at="2023-12-25T12:06:32 IST" duration-ms="0" status="PASS">
          <reporter-output>
          </reporter-output>
        </test-method> <!-- afterClass -->
      </class> <!-- testng.ThirdDemo -->
    </test> <!-- Car Loan -->
  </suite> <!-- YouCanChangeName -->
</testng-results>
